Using cpu device
2642
Test Error: 
 Accuracy: 10.1%, Avg loss: 0.699685 

loss: 0.699297  [    0/21100]
loss: 0.345064  [ 5000/21100]
loss: 0.191715  [10000/21100]
loss: 0.228726  [15000/21100]
loss: 0.085093  [20000/21100]
Time usage: 0:24:05
2642
Test Error: 
 Accuracy: 95.8%, Avg loss: 0.146522 


Using cpu device
2642
Test Error: 
 Accuracy: 95.3%, Avg loss: 0.629174 

loss: 0.631559  [    0/21100]
loss: 0.044159  [ 5000/21100]
loss: 0.079507  [10000/21100]
loss: 0.083750  [15000/21100]
loss: 0.136220  [20000/21100]
Time usage: 0:33:40
2642
Test Error: 
 Accuracy: 96.0%, Avg loss: 0.119341 

Confusion Matrix:
[[2514    4]
 [ 101   23]]
loss: 0.130443  [    0/21100]
loss: 0.148315  [ 5000/21100]
loss: 0.141648  [10000/21100]
loss: 0.042131  [15000/21100]
loss: 0.136703  [20000/21100]
loss: 0.040988  [    0/21100]
loss: 0.038235  [ 5000/21100]
loss: 0.076535  [10000/21100]
loss: 0.118989  [15000/21100]
loss: 0.094577  [20000/21100]
loss: 0.021967  [    0/21100]
loss: 0.098490  [ 5000/21100]
loss: 0.115620  [10000/21100]
loss: 0.062453  [15000/21100]
loss: 0.135774  [20000/21100]
loss: 0.118958  [    0/21100]
loss: 0.015930  [ 5000/21100]
loss: 0.083245  [10000/21100]
loss: 0.089102  [15000/21100]
loss: 0.017209  [20000/21100]
loss: 0.073788  [    0/21100]
loss: 0.101596  [ 5000/21100]
loss: 0.106831  [10000/21100]
loss: 0.015397  [15000/21100]
loss: 0.116067  [20000/21100]
loss: 0.099016  [    0/21100]
loss: 0.117966  [ 5000/21100]
loss: 0.108738  [10000/21100]
loss: 0.038171  [15000/21100]
loss: 0.034876  [20000/21100]
loss: 0.024446  [    0/21100]
loss: 0.049690  [ 5000/21100]
loss: 0.063395  [10000/21100]
loss: 0.051984  [15000/21100]
loss: 0.073692  [20000/21100]
loss: 0.053233  [    0/21100]
loss: 0.093149  [ 5000/21100]
loss: 0.068701  [10000/21100]
loss: 0.048746  [15000/21100]
loss: 0.055062  [20000/21100]
loss: 0.018690  [    0/21100]
loss: 0.028430  [ 5000/21100]
loss: 0.025321  [10000/21100]
loss: 0.019000  [15000/21100]
loss: 0.076247  [20000/21100]
Time usage: 6:47:42
2642
Test Error: 
 Accuracy: 96.2%, Avg loss: 0.124888 

Confusion Matrix:
[[2477   41]
 [  59   65]]
loss: 0.053655  [    0/21100]
loss: 0.004602  [ 5000/21100]
loss: 0.000871  [10000/21100]
loss: 0.089451  [15000/21100]
loss: 0.035708  [20000/21100]
loss: 0.013423  [    0/21100]
loss: 0.015645  [ 5000/21100]
loss: 0.022104  [10000/21100]
loss: 0.015730  [15000/21100]
loss: 0.016529  [20000/21100]
loss: 0.007511  [    0/21100]
loss: 0.011176  [ 5000/21100]
loss: 0.004483  [10000/21100]
loss: 0.015200  [15000/21100]
loss: 0.017909  [20000/21100]
loss: 0.024857  [    0/21100]
loss: 0.025391  [ 5000/21100]
loss: 0.010005  [10000/21100]
loss: 0.008966  [15000/21100]
loss: 0.001459  [20000/21100]
loss: 0.001624  [    0/21100]
loss: 0.005924  [ 5000/21100]
loss: 0.000472  [10000/21100]
loss: 0.002272  [15000/21100]
loss: 0.021212  [20000/21100]
loss: 0.022937  [    0/21100]
loss: 0.048687  [ 5000/21100]
loss: 0.000848  [10000/21100]
loss: 0.003998  [15000/21100]
loss: 0.003608  [20000/21100]
loss: 0.002156  [    0/21100]
loss: 0.002324  [ 5000/21100]
loss: 0.002345  [10000/21100]
loss: 0.003791  [15000/21100]
loss: 0.000429  [20000/21100]
loss: 0.000130  [    0/21100]
loss: 0.000656  [ 5000/21100]
loss: 0.000958  [10000/21100]
loss: 0.000514  [15000/21100]
loss: 0.000037  [20000/21100]
loss: 0.001653  [    0/21100]
loss: 0.000060  [ 5000/21100]
loss: 0.000263  [10000/21100]
loss: 0.000198  [15000/21100]
loss: 0.000370  [20000/21100]
loss: 0.000106  [    0/21100]
loss: 0.000066  [ 5000/21100]
loss: 0.000223  [10000/21100]
loss: 0.001845  [15000/21100]
loss: 0.000035  [20000/21100]
loss: 0.000194  [    0/21100]
loss: 0.000433  [ 5000/21100]
loss: 0.000206  [10000/21100]
loss: 0.000303  [15000/21100]
loss: 0.000106  [20000/21100]
loss: 0.000085  [    0/21100]
loss: 0.000058  [ 5000/21100]
loss: 0.000052  [10000/21100]
